commit 7c401b91af4d9bdfff8044164acebbb95c93debb
Merge: d459824 d155410
Author: Jonnathan Baculima <76828436+JonnathanBC@users.noreply.github.com>
Date:   Thu May 4 05:46:46 2023 +0200

    Merge pull request #1 from jotabc/txt-isra
    
    Txt isra

commit d155410067fc0e432c13054a6b0f244bb4d7e34b
Author: Israel <israel.bac94@gmail.com>
Date:   Wed May 3 22:36:56 2023 -0500

    Haciendo mejoras al README del repositorio

commit 3df7d40616db7943e7dc93685aaadb2eca9ac945
Author: Israel <israel.bac94@gmail.com>
Date:   Wed May 3 22:27:30 2023 -0500

    Actualizando README desde la segunda cuenta de git

commit d459824d2479816beb5ce559b963c0e0a3d8073b
Author: Jonnathan <jonnabcl56@gmail.com>
Date:   Wed May 3 22:12:23 2023 -0500

    fix command

commit b13f0487ca7043c714083285c7c57fde337ec958
Author: Israel Baculima <israel.bac94@gmail.com>
Date:   Mon May 1 20:30:54 2023 -0500

    Fork v1

commit 9afd706e5b0f020870fa07d334c1a21bed2c2192
Author: Jonnathan Baculima <jonnabcl56@gmail.com>
Date:   Mon May 1 15:39:54 2023 -0500

    Agregando imagen git flow

commit 06304c82c1f6c64f43c489e0c86004f5b025b3d4
Author: Jonnathan Baculima <jonnabcl56@gmail.com>
Date:   Mon May 1 15:11:06 2023 -0500

    v1.0.0

commit 23598e1d1a69d318ae001bd4957750b81b1cbbf9
Author: Jonnathan Baculima <jonnabcl56@gmail.com>
Date:   Mon May 1 14:54:13 2023 -0500

    remotos

commit 53052f1b8da1b61618063c3f90ae6e43e608ff39
Author: Jonnathan Baculima <jonnabcl56@gmail.com>
Date:   Mon May 1 14:46:43 2023 -0500

    Reseteo del historial y repositorios

commit d860169d2d6f6f42fc79d427582b8e18cd638f10
Author: Jonnathan Baculima <jonnabcl56@gmail.com>
Date:   Mon May 1 12:19:06 2023 -0500

    Registro del historial

commit a1e9132b7e8b59034ef59ce381b73d0e945cf11f
Author: Jonnathan Baculima <jonnabcl56@gmail.com>
Date:   Mon May 1 11:42:46 2023 -0500

    Agregando 3 párrafos

commit 117764a785ac1af7131171b81bfab42124610e9f
Merge: 9361068 e73005e
Author: Jonnathan Baculima <jonnabcl56@gmail.com>
Date:   Mon May 1 11:38:39 2023 -0500

    Agregando las estaciones del año con fecha de inicio

commit 936106809079e494bcd0f3fc8b94d0765477dafa
Author: Jonnathan Baculima <jonnabcl56@gmail.com>
Date:   Mon May 1 11:09:45 2023 -0500

    Agregando estaciones del año con fecha de inicio

commit e73005e10ae31801314b7033ad4f9bf5e76d7221
Author: Jonnathan Baculima <jonnabcl56@gmail.com>
Date:   Mon May 1 11:09:45 2023 -0500

    Agregando estaciones del año

commit 75973375293fc79a027f312ceac2c3f375e41a11
Merge: 1e01f09 ac0a82c
Author: Jonnathan Baculima <jonnabcl56@gmail.com>
Date:   Sun Apr 30 13:55:25 2023 -0500

    Resolviendo conflicto merge main html en el docuemnto index.html

commit ac0a82cf119a51845ad0ee8e5ed14a5f9dcd8f20
Author: Jonnathan Baculima <jonnabcl56@gmail.com>
Date:   Sun Apr 30 13:48:43 2023 -0500

    added new ol line

commit ab352790f0dbc577f4045b066cae144f8cd8614e
Author: Jonnathan Baculima <jonnabcl56@gmail.com>
Date:   Sun Apr 30 13:47:07 2023 -0500

    Agreandi index.js al index.html

commit 1e01f0975ab039dbcd744cb418e0f2716d00f7f8
Author: Jonnathan Baculima <jonnabcl56@gmail.com>
Date:   Sun Apr 30 13:44:16 2023 -0500

    Añadiendo el style.css al index.html

commit a97cfebd379aad2f9a6409f420f6a591539ed3fa
Merge: d82a80a c39baf1
Author: Jonnathan Baculima <jonnabcl56@gmail.com>
Date:   Sun Apr 30 13:23:30 2023 -0500

    Merge branch 'js'

commit c39baf1889c97702e299524a67d8b2674867bcc7
Author: Jonnathan Baculima <jonnabcl56@gmail.com>
Date:   Sun Apr 30 12:51:19 2023 -0500

    Creando index.js

commit d82a80af18048bd86797bdce1fa9b2a856185cab
Author: Jonnathan Baculima <jonnabcl56@gmail.com>
Date:   Sun Apr 30 12:44:56 2023 -0500

    Added style.css file

commit 5db6a14eeb7911cbf8879e0f5e6572f42411cc7c
Author: Jonnathan Baculima <jonnabcl56@gmail.com>
Date:   Sun Apr 30 12:40:09 2023 -0500

    Creando archivo htmindex.html

commit 6940a654a2937642a9d8f314515280772370b860
Author: Jonnathan Baculima <jonnabcl56@gmail.com>
Date:   Sun Apr 30 12:17:57 2023 -0500

    Ignorando archivos .exe

commit 6efdb29393876e40c6fe28a37647072e7c9e5b22
Author: Jonnathan Baculima <jonnabcl56@gmail.com>
Date:   Sun Apr 30 12:06:26 2023 -0500

    Git commands

commit 02308a0db5ffad37a11cafa322bc2e7840d4c6f0
Author: Jonnathan Baculima <jonnabcl56@gmail.com>
Date:   Sat Apr 29 13:24:02 2023 -0500

    Basic git flow

commit 6df3e52402f6995c45c3afecf7b4f783b77cf591
Author: Jonnathan Baculima <jonnabcl56@gmail.com>
Date:   Sat Apr 29 19:47:35 2023 +0200

    Initial global confg git  + init git in a project
